Arguments: 
  /home/felipesuri/.nvm/versions/node/v18.12.1/bin/node /home/felipesuri/.nvm/versions/node/v18.12.1/bin/yarn install

PATH: 
  /home/felipesuri/.local/share/pnpm:/home/felipesuri/.nvm/versions/node/v18.12.1/bin:/home/felipesuri/.local/share/zinit/polaris/bin:/usr/local/bin:/usr/bin:/bin:/usr/local/sbin:/usr/lib/jvm/default/bin:/usr/bin/site_perl:/usr/bin/vendor_perl:/usr/bin/core_perl:/home/felipesuri/.yarn/bin:/home/felipesuri/.cargo/bin:/home/felipesuri/.local/bin:/home/felipesuri/go/bin

Yarn version: 
  1.22.19

Node version: 
  18.12.1

Platform: 
  linux x64

Trace: 
  Error: connect ECONNREFUSED 2606:4700::6810:1823:443
      at TCPConnectWrap.afterConnect [as oncomplete] (node:net:1300:16)

npm manifest: 
  {
  	"name": "backend",
  	"version": "1.0.0",
  	"main": "index.js",
  	"license": "MIT",
  	"dependencies": {
  		"celebrate": "^12.0.1",
  		"cors": "^2.8.5",
  		"cross-env": "^7.0.2",
  		"express": "^4.17.1",
  		"knex": "^0.20.13",
  		"sqlite3": "^4.1.1"
  	},
  	"devDependencies": {
  		"jest": "^25.2.3",
  		"eslint": "^6.8.0",
  		"nodemon": "^2.0.2",
  		"supertest": "^4.0.2"
  	},
  	"scripts": {
  		"start": "nodemon src/server.js",
  		"test": " cross-env NODE_ENV=test jest"
  	}
  }

yarn manifest: 
  No manifest

Lockfile: 
  No lockfile
